platforms/android/build/outputs/logs/manifest-merger-release-report.txt
-- Merging decision tree log ---
manifest
ADDED from platforms/android/AndroidManifest.xml:2:1-60:12
	package
		ADDED from platforms/android/AndroidManifest.xml:2:98-137
		INJECTED from platforms/android/AndroidManifest.xml
		INJECTED from platforms/android/AndroidManifest.xml
	android:versionName
		ADDED from platforms/android/AndroidManifest.xml:2:70-97
		INJECTED from platforms/android/AndroidManifest.xml
		INJECTED from platforms/android/AndroidManifest.xml
	android:hardwareAccelerated
		ADDED from platforms/android/AndroidManifest.xml:2:11-45
	android:versionCode
		ADDED from platforms/android/AndroidManifest.xml:2:46-69
		INJECTED from platforms/android/AndroidManifest.xml
		INJECTED from platforms/android/AndroidManifest.xml
	xmlns:android
		ADDED from platforms/android/AndroidManifest.xml:2:138-196
supports-screens
ADDED from platforms/android/AndroidManifest.xml:3:5-191
	android:largeScreens
		ADDED from platforms/android/AndroidManifest.xml:3:49-76
	android:smallScreens
		ADDED from platforms/android/AndroidManifest.xml:3:132-159
	android:normalScreens
		ADDED from platforms/android/AndroidManifest.xml:3:77-105
	android:xlargeScreens
		ADDED from platforms/android/AndroidManifest.xml:3:160-188
	android:resizeable
		ADDED from platforms/android/AndroidManifest.xml:3:106-131
	android:anyDensity
		ADDED from platforms/android/AndroidManifest.xml:3:23-48
uses-permission#android.permission.INTERNET
ADDED from platforms/android/AndroidManifest.xml:4:5-67
MERGED from [com.google.android.gms:play-services-gcm:9.0.2] AndroidManifest.xml:22:5-67
MERGED from [com.google.android.gms:play-services-iid:9.0.2] AndroidManifest.xml:22:5-67
	android:name
		ADDED from platforms/android/AndroidManifest.xml:4:22-64
application
ADDED from platforms/android/AndroidManifest.xml:5:5-49:19
MERGED from [com.android.support:support-v4:24.2.0] AndroidManifest.xml:25:5-20
MERGED from [com.android.support:support-compat:24.2.0] AndroidManifest.xml:25:5-20
MERGED from [com.android.support:support-core-utils:24.2.0] AndroidManifest.xml:25:5-20
MERGED from [com.android.support:support-compat:24.2.0] AndroidManifest.xml:25:5-20
MERGED from [com.android.support:support-media-compat:24.2.0] AndroidManifest.xml:25:5-20
MERGED from [com.android.support:support-compat:24.2.0] AndroidManifest.xml:25:5-20
MERGED from [com.android.support:support-core-ui:24.2.0] AndroidManifest.xml:25:5-20
MERGED from [com.android.support:support-compat:24.2.0] AndroidManifest.xml:25:5-20
MERGED from [com.android.support:support-fragment:24.2.0] AndroidManifest.xml:25:5-20
MERGED from [com.android.support:support-compat:24.2.0] AndroidManifest.xml:25:5-20
MERGED from [com.android.support:support-core-utils:24.2.0] AndroidManifest.xml:25:5-20
MERGED from [com.android.support:support-compat:24.2.0] AndroidManifest.xml:25:5-20
MERGED from [com.android.support:support-media-compat:24.2.0] AndroidManifest.xml:25:5-20
MERGED from [com.android.support:support-compat:24.2.0] AndroidManifest.xml:25:5-20
MERGED from [com.android.support:support-core-ui:24.2.0] AndroidManifest.xml:25:5-20
MERGED from [com.android.support:support-compat:24.2.0] AndroidManifest.xml:25:5-20
MERGED from [:barcodescanner:] AndroidManifest.xml:11:5-14:19
MERGED from [com.android.support:support-v13:23.4.0] AndroidManifest.xml:22:5-20
MERGED from [com.android.support:support-v4:24.2.0] AndroidManifest.xml:25:5-20
MERGED from [com.android.support:support-compat:24.2.0] AndroidManifest.xml:25:5-20
MERGED from [com.android.support:support-core-utils:24.2.0] AndroidManifest.xml:25:5-20
MERGED from [com.android.support:support-compat:24.2.0] AndroidManifest.xml:25:5-20
MERGED from [com.android.support:support-media-compat:24.2.0] AndroidManifest.xml:25:5-20
MERGED from [com.android.support:support-compat:24.2.0] AndroidManifest.xml:25:5-20
MERGED from [com.android.support:support-core-ui:24.2.0] AndroidManifest.xml:25:5-20
MERGED from [com.android.support:support-compat:24.2.0] AndroidManifest.xml:25:5-20
MERGED from [com.android.support:support-fragment:24.2.0] AndroidManifest.xml:25:5-20
MERGED from [com.android.support:support-compat:24.2.0] AndroidManifest.xml:25:5-20
MERGED from [com.android.support:support-core-utils:24.2.0] AndroidManifest.xml:25:5-20
MERGED from [com.android.support:support-compat:24.2.0] AndroidManifest.xml:25:5-20
MERGED from [com.android.support:support-media-compat:24.2.0] AndroidManifest.xml:25:5-20
MERGED from [com.android.support:support-compat:24.2.0] AndroidManifest.xml:25:5-20
MERGED from [com.android.support:support-core-ui:24.2.0] AndroidManifest.xml:25:5-20
MERGED from [com.android.support:support-compat:24.2.0] AndroidManifest.xml:25:5-20
MERGED from [com.google.android.gms:play-services-gcm:9.0.2] AndroidManifest.xml:24:5-20
MERGED from [com.google.android.gms:play-services-base:9.0.2] AndroidManifest.xml:19:5-23:19
MERGED from [com.google.android.gms:play-services-basement:9.0.2] AndroidManifest.xml:20:5-24:19
MERGED from [com.android.support:support-v4:24.2.0] AndroidManifest.xml:25:5-20
MERGED from [com.android.support:support-compat:24.2.0] AndroidManifest.xml:25:5-20
MERGED from [com.android.support:support-core-utils:24.2.0] AndroidManifest.xml:25:5-20
MERGED from [com.android.support:support-compat:24.2.0] AndroidManifest.xml:25:5-20
MERGED from [com.android.support:support-media-compat:24.2.0] AndroidManifest.xml:25:5-20
MERGED from [com.android.support:support-compat:24.2.0] AndroidManifest.xml:25:5-20
MERGED from [com.android.support:support-core-ui:24.2.0] AndroidManifest.xml:25:5-20
MERGED from [com.android.support:support-compat:24.2.0] AndroidManifest.xml:25:5-20
MERGED from [com.android.support:support-fragment:24.2.0] AndroidManifest.xml:25:5-20
MERGED from [com.android.support:support-compat:24.2.0] AndroidManifest.xml:25:5-20
MERGED from [com.android.support:support-core-utils:24.2.0] AndroidManifest.xml:25:5-20
MERGED from [com.android.support:support-compat:24.2.0] AndroidManifest.xml:25:5-20
MERGED from [com.android.support:support-media-compat:24.2.0] AndroidManifest.xml:25:5-20
MERGED from [com.android.support:support-compat:24.2.0] AndroidManifest.xml:25:5-20
MERGED from [com.android.support:support-core-ui:24.2.0] AndroidManifest.xml:25:5-20
MERGED from [com.android.support:support-compat:24.2.0] AndroidManifest.xml:25:5-20
MERGED from [com.google.firebase:firebase-common:9.0.2] AndroidManifest.xml:5:5-12:19
MERGED from [com.google.android.gms:play-services-basement:9.0.2] AndroidManifest.xml:20:5-24:19
MERGED from [com.android.support:support-v4:24.2.0] AndroidManifest.xml:25:5-20
MERGED from [com.android.support:support-compat:24.2.0] AndroidManifest.xml:25:5-20
MERGED from [com.android.support:support-core-utils:24.2.0] AndroidManifest.xml:25:5-20
MERGED from [com.android.support:support-compat:24.2.0] AndroidManifest.xml:25:5-20
MERGED from [com.android.support:support-media-compat:24.2.0] AndroidManifest.xml:25:5-20
MERGED from [com.android.support:support-compat:24.2.0] AndroidManifest.xml:25:5-20
MERGED from [com.android.support:support-core-ui:24.2.0] AndroidManifest.xml:25:5-20
MERGED from [com.android.support:support-compat:24.2.0] AndroidManifest.xml:25:5-20
MERGED from [com.android.support:support-fragment:24.2.0] AndroidManifest.xml:25:5-20
MERGED from [com.android.support:support-compat:24.2.0] AndroidManifest.xml:25:5-20
MERGED from [com.android.support:support-core-utils:24.2.0] AndroidManifest.xml:25:5-20
MERGED from [com.android.support:support-compat:24.2.0] AndroidManifest.xml:25:5-20
MERGED from [com.android.support:support-media-compat:24.2.0] AndroidManifest.xml:25:5-20
MERGED from [com.android.support:support-compat:24.2.0] AndroidManifest.xml:25:5-20
MERGED from [com.android.support:support-core-ui:24.2.0] AndroidManifest.xml:25:5-20
MERGED from [com.android.support:support-compat:24.2.0] AndroidManifest.xml:25:5-20
MERGED from [com.google.android.gms:play-services-tasks:9.0.2] AndroidManifest.xml:5:5-20
MERGED from [com.google.android.gms:play-services-basement:9.0.2] AndroidManifest.xml:20:5-24:19
MERGED from [com.android.support:support-v4:24.2.0] AndroidManifest.xml:25:5-20
MERGED from [com.android.support:support-compat:24.2.0] AndroidManifest.xml:25:5-20
MERGED from [com.android.support:support-core-utils:24.2.0] AndroidManifest.xml:25:5-20
MERGED from [com.android.support:support-compat:24.2.0] AndroidManifest.xml:25:5-20
MERGED from [com.android.support:support-media-compat:24.2.0] AndroidManifest.xml:25:5-20
MERGED from [com.android.support:support-compat:24.2.0] AndroidManifest.xml:25:5-20
MERGED from [com.android.support:support-core-ui:24.2.0] AndroidManifest.xml:25:5-20
MERGED from [com.android.support:support-compat:24.2.0] AndroidManifest.xml:25:5-20
MERGED from [com.android.support:support-fragment:24.2.0] AndroidManifest.xml:25:5-20
MERGED from [com.android.support:support-compat:24.2.0] AndroidManifest.xml:25:5-20
MERGED from [com.android.support:support-core-utils:24.2.0] AndroidManifest.xml:25:5-20
MERGED from [com.android.support:support-compat:24.2.0] AndroidManifest.xml:25:5-20
MERGED from [com.android.support:support-media-compat:24.2.0] AndroidManifest.xml:25:5-20
MERGED from [com.android.support:support-compat:24.2.0] AndroidManifest.xml:25:5-20
MERGED from [com.android.support:support-core-ui:24.2.0] AndroidManifest.xml:25:5-20
MERGED from [com.android.support:support-compat:24.2.0] AndroidManifest.xml:25:5-20
MERGED from [com.google.android.gms:play-services-tasks:9.0.2] AndroidManifest.xml:5:5-20
MERGED from [com.google.android.gms:play-services-basement:9.0.2] AndroidManifest.xml:20:5-24:19
MERGED from [com.android.support:support-v4:24.2.0] AndroidManifest.xml:25:5-20
MERGED from [com.android.support:support-compat:24.2.0] AndroidManifest.xml:25:5-20
MERGED from [com.android.support:support-core-utils:24.2.0] AndroidManifest.xml:25:5-20
MERGED from [com.android.support:support-compat:24.2.0] AndroidManifest.xml:25:5-20
MERGED from [com.android.support:support-media-compat:24.2.0] AndroidManifest.xml:25:5-20
MERGED from [com.android.support:support-compat:24.2.0] AndroidManifest.xml:25:5-20
MERGED from [com.android.support:support-core-ui:24.2.0] AndroidManifest.xml:25:5-20
MERGED from [com.android.support:support-compat:24.2.0] AndroidManifest.xml:25:5-20
MERGED from [com.android.support:support-fragment:24.2.0] AndroidManifest.xml:25:5-20
MERGED from [com.android.support:support-compat:24.2.0] AndroidManifest.xml:25:5-20
MERGED from [com.android.support:support-core-utils:24.2.0] AndroidManifest.xml:25:5-20
MERGED from [com.android.support:support-compat:24.2.0] AndroidManifest.xml:25:5-20
MERGED from [com.android.support:support-media-compat:24.2.0] AndroidManifest.xml:25:5-20
MERGED from [com.android.support:support-compat:24.2.0] AndroidManifest.xml:25:5-20
MERGED from [com.android.support:support-core-ui:24.2.0] AndroidManifest.xml:25:5-20
MERGED from [com.android.support:support-compat:24.2.0] AndroidManifest.xml:25:5-20
MERGED from [com.google.android.gms:play-services-basement:9.0.2] AndroidManifest.xml:20:5-24:19
MERGED from [com.android.support:support-v4:24.2.0] AndroidManifest.xml:25:5-20
MERGED from [com.android.support:support-compat:24.2.0] AndroidManifest.xml:25:5-20
MERGED from [com.android.support:support-core-utils:24.2.0] AndroidManifest.xml:25:5-20
MERGED from [com.android.support:support-compat:24.2.0] AndroidManifest.xml:25:5-20
MERGED from [com.android.support:support-media-compat:24.2.0] AndroidManifest.xml:25:5-20
MERGED from [com.android.support:support-compat:24.2.0] AndroidManifest.xml:25:5-20
MERGED from [com.android.support:support-core-ui:24.2.0] AndroidManifest.xml:25:5-20
MERGED from [com.android.support:support-compat:24.2.0] AndroidManifest.xml:25:5-20
MERGED from [com.android.support:support-fragment:24.2.0] AndroidManifest.xml:25:5-20
MERGED from [com.android.support:support-compat:24.2.0] AndroidManifest.xml:25:5-20
MERGED from [com.android.support:support-core-utils:24.2.0] AndroidManifest.xml:25:5-20
MERGED from [com.android.support:support-compat:24.2.0] AndroidManifest.xml:25:5-20
MERGED from [com.android.support:support-media-compat:24.2.0] AndroidManifest.xml:25:5-20
MERGED from [com.android.support:support-compat:24.2.0] AndroidManifest.xml:25:5-20
MERGED from [com.android.support:support-core-ui:24.2.0] AndroidManifest.xml:25:5-20
MERGED from [com.android.support:support-compat:24.2.0] AndroidManifest.xml:25:5-20
MERGED from [com.google.android.gms:play-services-iid:9.0.2] AndroidManifest.xml:24:5-20
MERGED from [com.google.android.gms:play-services-base:9.0.2] AndroidManifest.xml:19:5-23:19
MERGED from [com.google.android.gms:play-services-basement:9.0.2] AndroidManifest.xml:20:5-24:19
MERGED from [com.android.support:support-v4:24.2.0] AndroidManifest.xml:25:5-20
MERGED from [com.android.support:support-compat:24.2.0] AndroidManifest.xml:25:5-20
MERGED from [com.android.support:support-core-utils:24.2.0] AndroidManifest.xml:25:5-20
MERGED from [com.android.support:support-compat:24.2.0] AndroidManifest.xml:25:5-20
MERGED from [com.android.support:support-media-compat:24.2.0] AndroidManifest.xml:25:5-20
MERGED from [com.android.support:support-compat:24.2.0] AndroidManifest.xml:25:5-20
MERGED from [com.android.support:support-core-ui:24.2.0] AndroidManifest.xml:25:5-20
MERGED from [com.android.support:support-compat:24.2.0] AndroidManifest.xml:25:5-20
MERGED from [com.android.support:support-fragment:24.2.0] AndroidManifest.xml:25:5-20
MERGED from [com.android.support:support-compat:24.2.0] AndroidManifest.xml:25:5-20
MERGED from [com.android.support:support-core-utils:24.2.0] AndroidManifest.xml:25:5-20
MERGED from [com.android.support:support-compat:24.2.0] AndroidManifest.xml:25:5-20
MERGED from [com.android.support:support-media-compat:24.2.0] AndroidManifest.xml:25:5-20
MERGED from [com.android.support:support-compat:24.2.0] AndroidManifest.xml:25:5-20
MERGED from [com.android.support:support-core-ui:24.2.0] AndroidManifest.xml:25:5-20
MERGED from [com.android.support:support-compat:24.2.0] AndroidManifest.xml:25:5-20
MERGED from [com.google.firebase:firebase-common:9.0.2] AndroidManifest.xml:5:5-12:19
MERGED from [com.google.android.gms:play-services-basement:9.0.2] AndroidManifest.xml:20:5-24:19
MERGED from [com.android.support:support-v4:24.2.0] AndroidManifest.xml:25:5-20
MERGED from [com.android.support:support-compat:24.2.0] AndroidManifest.xml:25:5-20
MERGED from [com.android.support:support-core-utils:24.2.0] AndroidManifest.xml:25:5-20
MERGED from [com.android.support:support-compat:24.2.0] AndroidManifest.xml:25:5-20
MERGED from [com.android.support:support-media-compat:24.2.0] AndroidManifest.xml:25:5-20
MERGED from [com.android.support:support-compat:24.2.0] AndroidManifest.xml:25:5-20
MERGED from [com.android.support:support-core-ui:24.2.0] AndroidManifest.xml:25:5-20
MERGED from [com.android.support:support-compat:24.2.0] AndroidManifest.xml:25:5-20
MERGED from [com.android.support:support-fragment:24.2.0] AndroidManifest.xml:25:5-20
MERGED from [com.android.support:support-compat:24.2.0] AndroidManifest.xml:25:5-20
MERGED from [com.android.support:support-core-utils:24.2.0] AndroidManifest.xml:25:5-20
MERGED from [com.android.support:support-compat:24.2.0] AndroidManifest.xml:25:5-20
MERGED from [com.android.support:support-media-compat:24.2.0] AndroidManifest.xml:25:5-20
MERGED from [com.android.support:support-compat:24.2.0] AndroidManifest.xml:25:5-20
MERGED from [com.android.support:support-core-ui:24.2.0] AndroidManifest.xml:25:5-20
MERGED from [com.android.support:support-compat:24.2.0] AndroidManifest.xml:25:5-20
MERGED from [com.google.android.gms:play-services-tasks:9.0.2] AndroidManifest.xml:5:5-20
MERGED from [com.google.android.gms:play-services-basement:9.0.2] AndroidManifest.xml:20:5-24:19
MERGED from [com.android.support:support-v4:24.2.0] AndroidManifest.xml:25:5-20
MERGED from [com.android.support:support-compat:24.2.0] AndroidManifest.xml:25:5-20
MERGED from [com.android.support:support-core-utils:24.2.0] AndroidManifest.xml:25:5-20
MERGED from [com.android.support:support-compat:24.2.0] AndroidManifest.xml:25:5-20
MERGED from [com.android.support:support-media-compat:24.2.0] AndroidManifest.xml:25:5-20
MERGED from [com.android.support:support-compat:24.2.0] AndroidManifest.xml:25:5-20
MERGED from [com.android.support:support-core-ui:24.2.0] AndroidManifest.xml:25:5-20
MERGED from [com.android.support:support-compat:24.2.0] AndroidManifest.xml:25:5-20
MERGED from [com.android.support:support-fragment:24.2.0] AndroidManifest.xml:25:5-20
MERGED from [com.android.support:support-compat:24.2.0] AndroidManifest.xml:25:5-20
MERGED from [com.android.support:support-core-utils:24.2.0] AndroidManifest.xml:25:5-20
MERGED from [com.android.support:support-compat:24.2.0] AndroidManifest.xml:25:5-20
MERGED from [com.android.support:support-media-compat:24.2.0] AndroidManifest.xml:25:5-20
MERGED from [com.android.support:support-compat:24.2.0] AndroidManifest.xml:25:5-20
MERGED from [com.android.support:support-core-ui:24.2.0] AndroidManifest.xml:25:5-20
MERGED from [com.android.support:support-compat:24.2.0] AndroidManifest.xml:25:5-20
MERGED from [com.google.android.gms:play-services-tasks:9.0.2] AndroidManifest.xml:5:5-20
MERGED from [com.google.android.gms:play-services-basement:9.0.2] AndroidManifest.xml:20:5-24:19
MERGED from [com.android.support:support-v4:24.2.0] AndroidManifest.xml:25:5-20
MERGED from [com.android.support:support-compat:24.2.0] AndroidManifest.xml:25:5-20
MERGED from [com.android.support:support-core-utils:24.2.0] AndroidManifest.xml:25:5-20
MERGED from [com.android.support:support-compat:24.2.0] AndroidManifest.xml:25:5-20
MERGED from [com.android.support:support-media-compat:24.2.0] AndroidManifest.xml:25:5-20
MERGED from [com.android.support:support-compat:24.2.0] AndroidManifest.xml:25:5-20
MERGED from [com.android.support:support-core-ui:24.2.0] AndroidManifest.xml:25:5-20
MERGED from [com.android.support:support-compat:24.2.0] AndroidManifest.xml:25:5-20
MERGED from [com.android.support:support-fragment:24.2.0] AndroidManifest.xml:25:5-20
MERGED from [com.android.support:support-compat:24.2.0] AndroidManifest.xml:25:5-20
MERGED from [com.android.support:support-core-utils:24.2.0] AndroidManifest.xml:25:5-20
MERGED from [com.android.support:support-compat:24.2.0] AndroidManifest.xml:25:5-20
MERGED from [com.android.support:support-media-compat:24.2.0] AndroidManifest.xml:25:5-20
MERGED from [com.android.support:support-compat:24.2.0] AndroidManifest.xml:25:5-20
MERGED from [com.android.support:support-core-ui:24.2.0] AndroidManifest.xml:25:5-20
MERGED from [com.android.support:support-compat:24.2.0] AndroidManifest.xml:25:5-20
MERGED from [com.google.android.gms:play-services-basement:9.0.2] AndroidManifest.xml:20:5-24:19
MERGED from [com.android.support:support-v4:24.2.0] AndroidManifest.xml:25:5-20
MERGED from [com.android.support:support-compat:24.2.0] AndroidManifest.xml:25:5-20
MERGED from [com.android.support:support-core-utils:24.2.0] AndroidManifest.xml:25:5-20
MERGED from [com.android.support:support-compat:24.2.0] AndroidManifest.xml:25:5-20
MERGED from [com.android.support:support-media-compat:24.2.0] AndroidManifest.xml:25:5-20
MERGED from [com.android.support:support-compat:24.2.0] AndroidManifest.xml:25:5-20
MERGED from [com.android.support:support-core-ui:24.2.0] AndroidManifest.xml:25:5-20
MERGED from [com.android.support:support-compat:24.2.0] AndroidManifest.xml:25:5-20
MERGED from [com.android.support:support-fragment:24.2.0] AndroidManifest.xml:25:5-20
MERGED from [com.android.support:support-compat:24.2.0] AndroidManifest.xml:25:5-20
MERGED from [com.android.support:support-core-utils:24.2.0] AndroidManifest.xml:25:5-20
MERGED from [com.android.support:support-compat:24.2.0] AndroidManifest.xml:25:5-20
MERGED from [com.android.support:support-media-compat:24.2.0] AndroidManifest.xml:25:5-20
MERGED from [com.android.support:support-compat:24.2.0] AndroidManifest.xml:25:5-20
MERGED from [com.android.support:support-core-ui:24.2.0] AndroidManifest.xml:25:5-20
MERGED from [com.android.support:support-compat:24.2.0] AndroidManifest.xml:25:5-20
	android:label
		ADDED from platforms/android/AndroidManifest.xml:5:83-115
	android:supportsRtl
		ADDED from platforms/android/AndroidManifest.xml:5:116-142
	android:hardwareAccelerated
		ADDED from platforms/android/AndroidManifest.xml:5:18-52
	android:icon
		ADDED from platforms/android/AndroidManifest.xml:5:53-82
	android:allowBackup
		ADDED from [:barcodescanner:] AndroidManifest.xml:12:9-35
activity#org.esupportail.esup_otp_push.MainActivity
ADDED from platforms/android/AndroidManifest.xml:6:9-11:20
	android:label
		ADDED from platforms/android/AndroidManifest.xml:6:97-134
	android:launchMode
		ADDED from platforms/android/AndroidManifest.xml:6:135-165
	android:windowSoftInputMode
		ADDED from platforms/android/AndroidManifest.xml:6:257-299
	android:configChanges
		ADDED from platforms/android/AndroidManifest.xml:6:19-96
	android:theme
		ADDED from platforms/android/AndroidManifest.xml:6:194-256
	android:name
		ADDED from platforms/android/AndroidManifest.xml:6:166-193
intent-filter#android.intent.action.MAIN+android.intent.category.LAUNCHER
ADDED from platforms/android/AndroidManifest.xml:7:13-10:29
	android:label
		ADDED from platforms/android/AndroidManifest.xml:7:28-65
action#android.intent.action.MAIN
ADDED from platforms/android/AndroidManifest.xml:8:17-69
	android:name
		ADDED from platforms/android/AndroidManifest.xml:8:25-66
category#android.intent.category.LAUNCHER
ADDED from platforms/android/AndroidManifest.xml:9:17-77
	android:name
		ADDED from platforms/android/AndroidManifest.xml:9:27-74
activity#com.adobe.phonegap.push.PushHandlerActivity
ADDED from platforms/android/AndroidManifest.xml:12:9-104
	android:exported
		ADDED from platforms/android/AndroidManifest.xml:12:19-42
	android:name
		ADDED from platforms/android/AndroidManifest.xml:12:43-101
receiver#com.adobe.phonegap.push.BackgroundActionButtonHandler
ADDED from platforms/android/AndroidManifest.xml:13:9-90
	android:name
		ADDED from platforms/android/AndroidManifest.xml:13:19-87
receiver#com.google.android.gms.gcm.GcmReceiver
ADDED from platforms/android/AndroidManifest.xml:14:9-19:20
	android:exported
		ADDED from platforms/android/AndroidManifest.xml:14:19-42
	android:permission
		ADDED from platforms/android/AndroidManifest.xml:14:97-157
	android:name
		ADDED from platforms/android/AndroidManifest.xml:14:43-96
intent-filter#${applicationId}+com.google.android.c2dm.intent.RECEIVE
ADDED from platforms/android/AndroidManifest.xml:15:13-18:29
action#com.google.android.c2dm.intent.RECEIVE
ADDED from platforms/android/AndroidManifest.xml:16:17-81
	android:name
		ADDED from platforms/android/AndroidManifest.xml:16:25-78
category#${applicationId}
ADDED from platforms/android/AndroidManifest.xml:17:17-61
	android:name
		ADDED from platforms/android/AndroidManifest.xml:17:27-58
		INJECTED from platforms/android/AndroidManifest.xml
service#com.adobe.phonegap.push.GCMIntentService
ADDED from platforms/android/AndroidManifest.xml:20:9-24:19
	android:exported
		ADDED from platforms/android/AndroidManifest.xml:20:18-42
	android:name
		ADDED from platforms/android/AndroidManifest.xml:20:43-98
intent-filter#com.google.android.c2dm.intent.RECEIVE
ADDED from platforms/android/AndroidManifest.xml:21:13-23:29
service#com.adobe.phonegap.push.PushInstanceIDListenerService
ADDED from platforms/android/AndroidManifest.xml:25:9-29:19
	android:exported
		ADDED from platforms/android/AndroidManifest.xml:25:18-42
	android:name
		ADDED from platforms/android/AndroidManifest.xml:25:43-111
intent-filter#com.google.android.gms.iid.InstanceID
ADDED from platforms/android/AndroidManifest.xml:26:13-28:29
action#com.google.android.gms.iid.InstanceID
ADDED from platforms/android/AndroidManifest.xml:27:17-80
	android:name
		ADDED from platforms/android/AndroidManifest.xml:27:25-77
service#com.adobe.phonegap.push.RegistrationIntentService
ADDED from platforms/android/AndroidManifest.xml:30:9-110
	android:exported
		ADDED from platforms/android/AndroidManifest.xml:30:18-42
	android:name
		ADDED from platforms/android/AndroidManifest.xml:30:43-107
activity#com.google.zxing.client.android.CaptureActivity
ADDED from platforms/android/AndroidManifest.xml:31:9-36:20
	android:clearTaskOnLaunch
		ADDED from platforms/android/AndroidManifest.xml:31:19-51
	android:exported
		ADDED from platforms/android/AndroidManifest.xml:31:114-138
	android:windowSoftInputMode
		ADDED from platforms/android/AndroidManifest.xml:31:261-308
	android:configChanges
		ADDED from platforms/android/AndroidManifest.xml:31:52-113
	android:theme
		ADDED from platforms/android/AndroidManifest.xml:31:202-260
	android:name
		ADDED from platforms/android/AndroidManifest.xml:31:139-201
intent-filter#android.intent.category.DEFAULT+com.google.zxing.client.android.SCAN
ADDED from platforms/android/AndroidManifest.xml:32:13-35:29
action#com.google.zxing.client.android.SCAN
ADDED from platforms/android/AndroidManifest.xml:33:17-79
	android:name
		ADDED from platforms/android/AndroidManifest.xml:33:25-76
category#android.intent.category.DEFAULT
ADDED from platforms/android/AndroidManifest.xml:34:17-76
	android:name
		ADDED from platforms/android/AndroidManifest.xml:34:27-73
activity#com.google.zxing.client.android.encode.EncodeActivity
ADDED from platforms/android/AndroidManifest.xml:37:9-42:20
	android:label
		ADDED from platforms/android/AndroidManifest.xml:37:19-40
	android:name
		ADDED from platforms/android/AndroidManifest.xml:37:41-109
intent-filter#android.intent.category.DEFAULT+com.phonegap.plugins.barcodescanner.ENCODE
ADDED from platforms/android/AndroidManifest.xml:38:13-41:29
action#com.phonegap.plugins.barcodescanner.ENCODE
ADDED from platforms/android/AndroidManifest.xml:39:17-85
	android:name
		ADDED from platforms/android/AndroidManifest.xml:39:25-82
activity#com.google.zxing.client.android.HelpActivity
ADDED from platforms/android/AndroidManifest.xml:43:9-48:20
	android:label
		ADDED from platforms/android/AndroidManifest.xml:43:19-40
	android:name
		ADDED from platforms/android/AndroidManifest.xml:43:41-100
intent-filter#android.intent.action.VIEW+android.intent.category.DEFAULT
ADDED from platforms/android/AndroidManifest.xml:44:13-47:29
action#android.intent.action.VIEW
ADDED from platforms/android/AndroidManifest.xml:45:17-69
	android:name
		ADDED from platforms/android/AndroidManifest.xml:45:25-66
uses-sdk
ADDED from platforms/android/AndroidManifest.xml:50:5-74
MERGED from [com.android.support:support-v4:24.2.0] AndroidManifest.xml:21:5-23:54
MERGED from [com.android.support:support-compat:24.2.0] AndroidManifest.xml:21:5-23:58
MERGED from [com.android.support:support-core-utils:24.2.0] AndroidManifest.xml:21:5-23:61
MERGED from [com.android.support:support-compat:24.2.0] AndroidManifest.xml:21:5-23:58
MERGED from [com.android.support:support-media-compat:24.2.0] AndroidManifest.xml:21:5-23:63
MERGED from [com.android.support:support-compat:24.2.0] AndroidManifest.xml:21:5-23:58
MERGED from [com.android.support:support-core-ui:24.2.0] AndroidManifest.xml:21:5-23:58
MERGED from [com.android.support:support-compat:24.2.0] AndroidManifest.xml:21:5-23:58
MERGED from [com.android.support:support-fragment:24.2.0] AndroidManifest.xml:21:5-23:60
MERGED from [com.android.support:support-compat:24.2.0] AndroidManifest.xml:21:5-23:58
MERGED from [com.android.support:support-core-utils:24.2.0] AndroidManifest.xml:21:5-23:61
MERGED from [com.android.support:support-compat:24.2.0] AndroidManifest.xml:21:5-23:58
MERGED from [com.android.support:support-media-compat:24.2.0] AndroidManifest.xml:21:5-23:63
MERGED from [com.android.support:support-compat:24.2.0] AndroidManifest.xml:21:5-23:58
MERGED from [com.android.support:support-core-ui:24.2.0] AndroidManifest.xml:21:5-23:58
MERGED from [com.android.support:support-compat:24.2.0] AndroidManifest.xml:21:5-23:58
MERGED from [:barcodescanner:] AndroidManifest.xml:7:5-9:41
MERGED from [com.android.support:support-v13:23.4.0] AndroidManifest.xml:20:5-44
MERGED from [com.android.support:support-v4:24.2.0] AndroidManifest.xml:21:5-23:54
MERGED from [com.android.support:support-compat:24.2.0] AndroidManifest.xml:21:5-23:58
MERGED from [com.android.support:support-core-utils:24.2.0] AndroidManifest.xml:21:5-23:61
MERGED from [com.android.support:support-compat:24.2.0] AndroidManifest.xml:21:5-23:58
MERGED from [com.android.support:support-media-compat:24.2.0] AndroidManifest.xml:21:5-23:63
MERGED from [com.android.support:support-compat:24.2.0] AndroidManifest.xml:21:5-23:58
MERGED from [com.android.support:support-core-ui:24.2.0] AndroidManifest.xml:21:5-23:58
MERGED from [com.android.support:support-compat:24.2.0] AndroidManifest.xml:21:5-23:58
MERGED from [com.android.support:support-fragment:24.2.0] AndroidManifest.xml:21:5-23:60
MERGED from [com.android.support:support-compat:24.2.0] AndroidManifest.xml:21:5-23:58
MERGED from [com.android.support:support-core-utils:24.2.0] AndroidManifest.xml:21:5-23:61
MERGED from [com.android.support:support-compat:24.2.0] AndroidManifest.xml:21:5-23:58
MERGED from [com.android.support:support-media-compat:24.2.0] AndroidManifest.xml:21:5-23:63
MERGED from [com.android.support:support-compat:24.2.0] AndroidManifest.xml:21:5-23:58
MERGED from [com.android.support:support-core-ui:24.2.0] AndroidManifest.xml:21:5-23:58
MERGED from [com.android.support:support-compat:24.2.0] AndroidManifest.xml:21:5-23:58
MERGED from [com.google.android.gms:play-services-gcm:9.0.2] AndroidManifest.xml:18:5-42
MERGED from [com.google.android.gms:play-services-base:9.0.2] AndroidManifest.xml:18:5-42
MERGED from [com.google.android.gms:play-services-basement:9.0.2] AndroidManifest.xml:18:5-42
MERGED from [com.android.support:support-v4:24.2.0] AndroidManifest.xml:21:5-23:54
MERGED from [com.android.support:support-compat:24.2.0] AndroidManifest.xml:21:5-23:58